<?xml version="1.0" encoding="UTF-8"?>
<!-- Generated by org.testng.reporters.JUnitReportReporter -->
<testsuite hostname="DESKTOP-QVM6J4J" failures="0" tests="1" name="com.Test.Test2" time="32.632" errors="0" timestamp="2023-04-09T18:26:16 IST" skipped="0">
  <testcase classname="com.Test.Test2" name="verify_tc_002_loginFunctinality" time="32.632"/>
  <system-out/>
</testsuite> <!-- com.Test.Test2 -->
